生成启动时间为 2017/1/20 1:20:58。
     1>项目“F:\complier\project\cs308\-prj(VSU)\compiler\compiler\compiler.vcxproj”在节点 2 上(Rebuild 个目标)。
     1>_PrepareForClean:
         正在删除文件“Debug\compiler.tlog\compiler.lastbuildstate”。
       InitializeBuildStatus:
         正在对“Debug\compiler.tlog\unsuccessfulbuild”执行 Touch 任务。
       BisonTarget:
         Process "smallc.y" bison file
         cmd.exe /C "C:\Users\acer1\AppData\Local\Temp\tmp755ebe3c0bc54077a41f9c9f24368767.cmd"
         
         start /B /WAIT /D "F:\complier\project\cs308\-prj(VSU)\compiler\compiler\" win_bison.exe --output="smallc.tab.cpp" --defines="smallc.tab.h"  "smallc.y"
         exit /b %errorlevel%
       FlexTarget:
         Process "smallc.l" flex file
         cmd.exe /C "C:\Users\acer1\AppData\Local\Temp\tmpa3e88d9dbb5747fbb1efaaa1864f8cf4.cmd"
         
         start /B /WAIT /D "F:\complier\project\cs308\-prj(VSU)\compiler\compiler\" win_flex.exe --outfile="smallc.flex.cpp" --wincompat  "smallc.l"
         exit /b %errorlevel%
       ClCompile:
         D:\Program Files (x86)\Microsoft Visual Studio 14.0\VC\bin\CL.exe /c /ZI /nologo /W3 /WX- /sdl /Od /Oy- /D WIN32 /D _DEBUG /D _CONSOLE /D _UNICODE /D UNICODE /D _CRT_SECURE_NO_WARNINGS /D _CRT_SECURE_NO_DEPRECATE /Gm /EHsc /RTC1 /MDd /GS /fp:precise /Zc:wchar_t /Zc:forScope /Zc:inline /Fo"Debug\\" /Fd"Debug\vc140.pdb" /Gd /TP /analyze- /errorReport:prompt smallc.flex.cpp smallc.tab.cpp
         smallc.tab.cpp
     1>f:\complier\project\cs308\-prj(vsu)\compiler\compiler\semantics.h(168): warning C4101: “i”: 未引用的局部变量
     1>f:\complier\project\cs308\-prj(vsu)\compiler\compiler\semantics.h(303): warning C4018: “<”: 有符号/无符号不匹配
     1>f:\complier\project\cs308\-prj(vsu)\compiler\compiler\semantics.h(380): warning C4018: “<”: 有符号/无符号不匹配
     1>f:\complier\project\cs308\-prj(vsu)\compiler\compiler\semantics.h(382): warning C4018: “<”: 有符号/无符号不匹配
     1>f:\complier\project\cs308\-prj(vsu)\compiler\compiler\semantics.h(445): warning C4101: “i”: 未引用的局部变量
     1>f:\complier\project\cs308\-prj(vsu)\compiler\compiler\semantics.h(598): warning C4018: “<”: 有符号/无符号不匹配
     1>f:\complier\project\cs308\-prj(vsu)\compiler\compiler\translate.h(99): warning C4018: “<”: 有符号/无符号不匹配
     1>f:\complier\project\cs308\-prj(vsu)\compiler\compiler\translate.h(395): warning C4018: “<”: 有符号/无符号不匹配
     1>f:\complier\project\cs308\-prj(vsu)\compiler\compiler\translate.h(432): warning C4101: “i”: 未引用的局部变量
     1>f:\complier\project\cs308\-prj(vsu)\compiler\compiler\translate.h(478): warning C4018: “<”: 有符号/无符号不匹配
     1>f:\complier\project\cs308\-prj(vsu)\compiler\compiler\translate.h(701): warning C4101: “i”: 未引用的局部变量
     1>f:\complier\project\cs308\-prj(vsu)\compiler\compiler\optimize.h : warning C4819: 该文件包含不能在当前代码页(936)中表示的字符。请将该文件保存为 Unicode 格式以防止数据丢失
     1>f:\complier\project\cs308\-prj(vsu)\compiler\compiler\optimize.h(245): warning C4018: “<”: 有符号/无符号不匹配
     1>f:\complier\project\cs308\-prj(vsu)\compiler\compiler\optimize.h(260): warning C4018: “<”: 有符号/无符号不匹配
     1>f:\complier\project\cs308\-prj(vsu)\compiler\compiler\optimize.h(268): warning C4018: “<”: 有符号/无符号不匹配
     1>f:\complier\project\cs308\-prj(vsu)\compiler\compiler\optimize.h(307): warning C4018: “<”: 有符号/无符号不匹配
     1>f:\complier\project\cs308\-prj(vsu)\compiler\compiler\optimize.h(314): warning C4018: “<”: 有符号/无符号不匹配
     1>f:\complier\project\cs308\-prj(vsu)\compiler\compiler\optimize.h(331): warning C4018: “<”: 有符号/无符号不匹配
     1>f:\complier\project\cs308\-prj(vsu)\compiler\compiler\optimize.h(342): warning C4018: “<”: 有符号/无符号不匹配
     1>f:\complier\project\cs308\-prj(vsu)\compiler\compiler\optimize.h(349): warning C4018: “<”: 有符号/无符号不匹配
     1>f:\complier\project\cs308\-prj(vsu)\compiler\compiler\interprete.h(10): warning C4005: “MAX_LENGTH”: 宏重定义
         f:\complier\project\cs308\-prj(vsu)\compiler\compiler\ast.h(53): note: 参见“MAX_LENGTH”的前一个定义
     1>f:\complier\project\cs308\-prj(vsu)\compiler\compiler\interprete.h(95): warning C4018: “<”: 有符号/无符号不匹配
     1>f:\complier\project\cs308\-prj(vsu)\compiler\compiler\interprete.h(204): warning C4805: “&=”: 在操作中将类型“int”与类型“bool”混合不安全
     1>f:\complier\project\cs308\-prj(vsu)\compiler\compiler\interprete.h(251): warning C4018: “<”: 有符号/无符号不匹配
     1>f:\complier\project\cs308\-prj(vsu)\compiler\compiler\interprete.h(267): warning C4018: “<”: 有符号/无符号不匹配
     1>f:\complier\project\cs308\-prj(vsu)\compiler\compiler\interprete.h(272): warning C4018: “<”: 有符号/无符号不匹配
         smallc.flex.cpp
     1>d:\program files (x86)\microsoft visual studio 14.0\vc\include\stdint.h(48): warning C4005: “INT8_MIN”: 宏重定义
         f:\complier\project\cs308\-prj(vsu)\compiler\compiler\smallc.flex.cpp(60): note: 参见“INT8_MIN”的前一个定义
     1>d:\program files (x86)\microsoft visual studio 14.0\vc\include\stdint.h(49): warning C4005: “INT16_MIN”: 宏重定义
         f:\complier\project\cs308\-prj(vsu)\compiler\compiler\smallc.flex.cpp(63): note: 参见“INT16_MIN”的前一个定义
     1>d:\program files (x86)\microsoft visual studio 14.0\vc\include\stdint.h(50): warning C4005: “INT32_MIN”: 宏重定义
         f:\complier\project\cs308\-prj(vsu)\compiler\compiler\smallc.flex.cpp(66): note: 参见“INT32_MIN”的前一个定义
     1>d:\program files (x86)\microsoft visual studio 14.0\vc\include\stdint.h(52): warning C4005: “INT8_MAX”: 宏重定义
         f:\complier\project\cs308\-prj(vsu)\compiler\compiler\smallc.flex.cpp(69): note: 参见“INT8_MAX”的前一个定义
     1>d:\program files (x86)\microsoft visual studio 14.0\vc\include\stdint.h(53): warning C4005: “INT16_MAX”: 宏重定义
         f:\complier\project\cs308\-prj(vsu)\compiler\compiler\smallc.flex.cpp(72): note: 参见“INT16_MAX”的前一个定义
     1>d:\program files (x86)\microsoft visual studio 14.0\vc\include\stdint.h(54): warning C4005: “INT32_MAX”: 宏重定义
         f:\complier\project\cs308\-prj(vsu)\compiler\compiler\smallc.flex.cpp(75): note: 参见“INT32_MAX”的前一个定义
     1>d:\program files (x86)\microsoft visual studio 14.0\vc\include\stdint.h(56): warning C4005: “UINT8_MAX”: 宏重定义
         f:\complier\project\cs308\-prj(vsu)\compiler\compiler\smallc.flex.cpp(78): note: 参见“UINT8_MAX”的前一个定义
     1>d:\program files (x86)\microsoft visual studio 14.0\vc\include\stdint.h(57): warning C4005: “UINT16_MAX”: 宏重定义
         f:\complier\project\cs308\-prj(vsu)\compiler\compiler\smallc.flex.cpp(81): note: 参见“UINT16_MAX”的前一个定义
     1>d:\program files (x86)\microsoft visual studio 14.0\vc\include\stdint.h(58): warning C4005: “UINT32_MAX”: 宏重定义
         f:\complier\project\cs308\-prj(vsu)\compiler\compiler\smallc.flex.cpp(84): note: 参见“UINT32_MAX”的前一个定义
         正在生成代码...
     1>f:\complier\project\cs308\-prj(vsu)\compiler\compiler\semantics.h(515): warning C4715: “vector_find_index”: 不是所有的控件路径都返回值
     1>f:\complier\project\cs308\-prj(vsu)\compiler\compiler\translate.h(504): warning C4715: “vs_fetch_register”: 不是所有的控件路径都返回值
       Link:
         D:\Program Files (x86)\Microsoft Visual Studio 14.0\VC\bin\link.exe /ERRORREPORT:PROMPT /OUT:"F:\complier\project\cs308\-prj(VSU)\compiler\Debug\compiler.exe" /INCREMENTAL /NOLOGO opencv_ml249d.lib opencv_calib3d249d.lib opencv_contrib249d.lib opencv_core249d.lib opencv_features2d249d.lib opencv_flann249d.lib opencv_gpu249d.lib opencv_highgui249d.lib opencv_imgproc249d.lib opencv_legacy249d.lib opencv_objdetect249d.lib opencv_ts249d.lib opencv_video249d.lib opencv_nonfree249d.lib opencv_ocl249d.lib opencv_photo249d.lib opencv_stitching249d.lib opencv_superres249d.lib opencv_videostab249d.lib opencv_objdetect249.lib opencv_ts249.lib opencv_video249.lib opencv_nonfree249.lib opencv_ocl249.lib opencv_photo249.lib opencv_stitching249.lib opencv_superres249.lib opencv_videostab249.lib opencv_calib3d249.lib opencv_contrib249.lib opencv_core249.lib opencv_features2d249.lib opencv_flann249.lib opencv_gpu249.lib opencv_highgui249.lib opencv_imgproc249.lib opencv_legacy249.lib opencv_ml249.lib kernel32.lib user32.lib gdi32.lib winspool.lib comdlg32.lib advapi32.lib shell32.lib ole32.lib oleaut32.lib uuid.lib odbc32.lib odbccp32.lib /MANIFEST /MANIFESTUAC:"level='asInvoker' uiAccess='false'" /manifest:embed /Debug /PDB:"F:\complier\project\cs308\-prj(VSU)\compiler\Debug\compiler.pdb" /SUBSYSTEM:CONSOLE /TLBID:1 /DYNAMICBASE /NXCOMPAT /IMPLIB:"F:\complier\project\cs308\-prj(VSU)\compiler\Debug\compiler.lib" /MACHINE:X86 /force Debug\smallc.flex.obj
         Debug\smallc.tab.obj
     1>LINK : warning LNK4075: 忽略“/INCREMENTAL”(由于“/FORCE”规范)
     1>smallc.flex.obj : warning LNK4075: 忽略“/EDITANDCONTINUE”(由于“/OPT:LBR”规范)
     1>smallc.tab.obj : warning LNK4006: "struct yy_buffer_state * __cdecl yy_create_buffer(struct _iobuf *,int)" (?yy_create_buffer@@YAPAUyy_buffer_state@@PAU_iobuf@@H@Z) 已在 smallc.flex.obj 中定义；已忽略第二个定义
     1>smallc.tab.obj : warning LNK4006: "void __cdecl yy_delete_buffer(struct yy_buffer_state *)" (?yy_delete_buffer@@YAXPAUyy_buffer_state@@@Z) 已在 smallc.flex.obj 中定义；已忽略第二个定义
     1>smallc.tab.obj : warning LNK4006: "void __cdecl yy_flush_buffer(struct yy_buffer_state *)" (?yy_flush_buffer@@YAXPAUyy_buffer_state@@@Z) 已在 smallc.flex.obj 中定义；已忽略第二个定义
     1>smallc.tab.obj : warning LNK4006: "struct yy_buffer_state * __cdecl yy_scan_buffer(char *,unsigned int)" (?yy_scan_buffer@@YAPAUyy_buffer_state@@PADI@Z) 已在 smallc.flex.obj 中定义；已忽略第二个定义
     1>smallc.tab.obj : warning LNK4006: "struct yy_buffer_state * __cdecl yy_scan_bytes(char const *,unsigned int)" (?yy_scan_bytes@@YAPAUyy_buffer_state@@PBDI@Z) 已在 smallc.flex.obj 中定义；已忽略第二个定义
     1>smallc.tab.obj : warning LNK4006: "struct yy_buffer_state * __cdecl yy_scan_string(char const *)" (?yy_scan_string@@YAPAUyy_buffer_state@@PBD@Z) 已在 smallc.flex.obj 中定义；已忽略第二个定义
     1>smallc.tab.obj : warning LNK4006: "void __cdecl yy_switch_to_buffer(struct yy_buffer_state *)" (?yy_switch_to_buffer@@YAXPAUyy_buffer_state@@@Z) 已在 smallc.flex.obj 中定义；已忽略第二个定义
     1>smallc.tab.obj : warning LNK4006: "void * __cdecl yyalloc(unsigned int)" (?yyalloc@@YAPAXI@Z) 已在 smallc.flex.obj 中定义；已忽略第二个定义
     1>smallc.tab.obj : warning LNK4006: "void __cdecl yyfree(void *)" (?yyfree@@YAXPAX@Z) 已在 smallc.flex.obj 中定义；已忽略第二个定义
     1>smallc.tab.obj : warning LNK4006: "int __cdecl yyget_debug(void)" (?yyget_debug@@YAHXZ) 已在 smallc.flex.obj 中定义；已忽略第二个定义
     1>smallc.tab.obj : warning LNK4006: "struct _iobuf * __cdecl yyget_in(void)" (?yyget_in@@YAPAU_iobuf@@XZ) 已在 smallc.flex.obj 中定义；已忽略第二个定义
     1>smallc.tab.obj : warning LNK4006: "unsigned int __cdecl yyget_leng(void)" (?yyget_leng@@YAIXZ) 已在 smallc.flex.obj 中定义；已忽略第二个定义
     1>smallc.tab.obj : warning LNK4006: "int __cdecl yyget_lineno(void)" (?yyget_lineno@@YAHXZ) 已在 smallc.flex.obj 中定义；已忽略第二个定义
     1>smallc.tab.obj : warning LNK4006: "struct _iobuf * __cdecl yyget_out(void)" (?yyget_out@@YAPAU_iobuf@@XZ) 已在 smallc.flex.obj 中定义；已忽略第二个定义
     1>smallc.tab.obj : warning LNK4006: "char * __cdecl yyget_text(void)" (?yyget_text@@YAPADXZ) 已在 smallc.flex.obj 中定义；已忽略第二个定义
     1>smallc.tab.obj : warning LNK4006: "int __cdecl yylex(void)" (?yylex@@YAHXZ) 已在 smallc.flex.obj 中定义；已忽略第二个定义
     1>smallc.tab.obj : warning LNK4006: "int __cdecl yylex_destroy(void)" (?yylex_destroy@@YAHXZ) 已在 smallc.flex.obj 中定义；已忽略第二个定义
     1>smallc.tab.obj : warning LNK4006: "void __cdecl yypop_buffer_state(void)" (?yypop_buffer_state@@YAXXZ) 已在 smallc.flex.obj 中定义；已忽略第二个定义
     1>smallc.tab.obj : warning LNK4006: "void __cdecl yypush_buffer_state(struct yy_buffer_state *)" (?yypush_buffer_state@@YAXPAUyy_buffer_state@@@Z) 已在 smallc.flex.obj 中定义；已忽略第二个定义
     1>smallc.tab.obj : warning LNK4006: "void * __cdecl yyrealloc(void *,unsigned int)" (?yyrealloc@@YAPAXPAXI@Z) 已在 smallc.flex.obj 中定义；已忽略第二个定义
     1>smallc.tab.obj : warning LNK4006: "void __cdecl yyrestart(struct _iobuf *)" (?yyrestart@@YAXPAU_iobuf@@@Z) 已在 smallc.flex.obj 中定义；已忽略第二个定义
     1>smallc.tab.obj : warning LNK4006: "void __cdecl yyset_debug(int)" (?yyset_debug@@YAXH@Z) 已在 smallc.flex.obj 中定义；已忽略第二个定义
     1>smallc.tab.obj : warning LNK4006: "void __cdecl yyset_in(struct _iobuf *)" (?yyset_in@@YAXPAU_iobuf@@@Z) 已在 smallc.flex.obj 中定义；已忽略第二个定义
     1>smallc.tab.obj : warning LNK4006: "void __cdecl yyset_lineno(int)" (?yyset_lineno@@YAXH@Z) 已在 smallc.flex.obj 中定义；已忽略第二个定义
     1>smallc.tab.obj : warning LNK4006: "void __cdecl yyset_out(struct _iobuf *)" (?yyset_out@@YAXPAU_iobuf@@@Z) 已在 smallc.flex.obj 中定义；已忽略第二个定义
     1>smallc.tab.obj : warning LNK4006: "int __cdecl yywarp(void)" (?yywarp@@YAHXZ) 已在 smallc.flex.obj 中定义；已忽略第二个定义
     1>smallc.tab.obj : warning LNK4006: "unsigned int yyleng" (?yyleng@@3IA) 已在 smallc.flex.obj 中定义；已忽略第二个定义
     1>smallc.tab.obj : warning LNK4006: "struct _iobuf * yyin" (?yyin@@3PAU_iobuf@@A) 已在 smallc.flex.obj 中定义；已忽略第二个定义
     1>smallc.tab.obj : warning LNK4006: "struct _iobuf * yyout" (?yyout@@3PAU_iobuf@@A) 已在 smallc.flex.obj 中定义；已忽略第二个定义
     1>smallc.tab.obj : warning LNK4006: "int yylineno" (?yylineno@@3HA) 已在 smallc.flex.obj 中定义；已忽略第二个定义
     1>smallc.tab.obj : warning LNK4006: "char * yytext" (?yytext@@3PADA) 已在 smallc.flex.obj 中定义；已忽略第二个定义
     1>smallc.tab.obj : warning LNK4006: "int yy_flex_debug" (?yy_flex_debug@@3HA) 已在 smallc.flex.obj 中定义；已忽略第二个定义
     1>F:\complier\project\cs308\-prj(VSU)\compiler\Debug\compiler.exe : warning LNK4088: 因 /FORCE 选项生成了映像；映像可能不能运行
         compiler.vcxproj -> F:\complier\project\cs308\-prj(VSU)\compiler\Debug\compiler.exe
       FinalizeBuildStatus:
         正在删除文件“Debug\compiler.tlog\unsuccessfulbuild”。
         正在对“Debug\compiler.tlog\compiler.lastbuildstate”执行 Touch 任务。
     1>已完成生成项目“F:\complier\project\cs308\-prj(VSU)\compiler\compiler\compiler.vcxproj”(Rebuild 个目标)的操作。

已成功生成。

已用时间 00:00:06.57
